<?xml version="1.0" encoding="UTF-8"?>
<!-- Generated by org.testng.reporters.JUnitReportReporter -->
<testsuite hostname="EG-5CG9363CLN" failures="0" tests="1" name="runner.TestRunner" time="105.780" errors="0" timestamp="2021-02-25T11:23:22 EET" skipped="0">
  <testcase classname="runner.TestRunner" name="feature" time="105.780"/>
  <system-out/>
</testsuite> <!-- runner.TestRunner -->
